[sites.google.com/site/mirajul1995.html]
[backblue.gif]
[fade.gif]
[index.html]
[ssl.gstatic.com/atari/images/simple-header-blended-small.png]
[ssl.gstatic.com/docs/common/cleardot.gif]
[apis.google.com/js/clientc932.js]
[sites.google.com/site/mirajul1995/home.html]
[sites.google.com/site/mirajul1995/education.html]
[sites.google.com/site/mirajul1995/achievements.html]
[sites.google.com/site/mirajul1995/publications.html]
[sites.google.com/site/mirajul1995/curriculum-vitae.html]
[sites.google.com/site/mirajul1995/teaching.html]
[sites.google.com/site/mirajul1995/work-experience.html]
[sites.google.com/site/mirajul1995.html]
[sites.google.com/site/mirajul1995/home.html]
[sites.google.com/site/mirajul1995/education.html]
[sites.google.com/site/mirajul1995/achievements.html]
[sites.google.com/site/mirajul1995/publications.html]
[sites.google.com/site/mirajul1995/curriculum-vitae.html]
[sites.google.com/site/mirajul1995/teaching.html]
[sites.google.com/site/mirajul1995/work-experience.html]
[sites.google.com/site/mirajul1995/contact-me.html]
[sites.google.com/site/mirajul1995/contact-me.html]
